{"total": {"lines":{"total":10084,"covered":5388,"skipped":0,"pct":53.43},"statements":{"total":10368,"covered":5506,"skipped":0,"pct":53.1},"functions":{"total":1799,"covered":1031,"skipped":0,"pct":57.3},"branches":{"total":8952,"covered":3819,"skipped":0,"pct":42.66},"branchesTrue":{"total":0,"covered":0,"skipped":0,"pct":100}}
,"/home/err/devel/vaults/fork_tales/part64/frontend/src/App.tsx": {"lines":{"total":1603,"covered":0,"skipped":0,"pct":0},"functions":{"total":301,"covered":0,"skipped":0,"pct":0},"statements":{"total":1659,"covered":0,"skipped":0,"pct":0},"branches":{"total":1299,"covered":0,"skipped":0,"pct":0}}
,"/home/err/devel/vaults/fork_tales/part64/frontend/src/autopilot.ts": {"lines":{"total":48,"covered":45,"skipped":0,"pct":93.75},"functions":{"total":10,"covered":9,"skipped":0,"pct":90},"statements":{"total":48,"covered":45,"skipped":0,"pct":93.75},"branches":{"total":14,"covered":9,"skipped":0,"pct":64.28}}
,"/home/err/devel/vaults/fork_tales/part64/frontend/src/app/appPanelConfigTypes.ts": {"lines":{"total":0,"covered":0,"skipped":0,"pct":100},"functions":{"total":0,"covered":0,"skipped":0,"pct":100},"statements":{"total":0,"covered":0,"skipped":0,"pct":100},"branches":{"total":0,"covered":0,"skipped":0,"pct":100}}
,"/home/err/devel/vaults/fork_tales/part64/frontend/src/app/appShellConstants.ts": {"lines":{"total":18,"covered":18,"skipped":0,"pct":100},"functions":{"total":1,"covered":1,"skipped":0,"pct":100},"statements":{"total":18,"covered":18,"skipped":0,"pct":100},"branches":{"total":2,"covered":2,"skipped":0,"pct":100}}
,"/home/err/devel/vaults/fork_tales/part64/frontend/src/app/appShellUtils.ts": {"lines":{"total":81,"covered":70,"skipped":0,"pct":86.41},"functions":{"total":13,"covered":13,"skipped":0,"pct":100},"statements":{"total":82,"covered":71,"skipped":0,"pct":86.58},"branches":{"total":70,"covered":56,"skipped":0,"pct":80}}
,"/home/err/devel/vaults/fork_tales/part64/frontend/src/app/coreSimulationConfig.ts": {"lines":{"total":50,"covered":50,"skipped":0,"pct":100},"functions":{"total":0,"covered":0,"skipped":0,"pct":100},"statements":{"total":50,"covered":50,"skipped":0,"pct":100},"branches":{"total":0,"covered":0,"skipped":0,"pct":100}}
,"/home/err/devel/vaults/fork_tales/part64/frontend/src/app/museWorkspace.ts": {"lines":{"total":18,"covered":18,"skipped":0,"pct":100},"functions":{"total":7,"covered":7,"skipped":0,"pct":100},"statements":{"total":19,"covered":19,"skipped":0,"pct":100},"branches":{"total":25,"covered":25,"skipped":0,"pct":100}}
,"/home/err/devel/vaults/fork_tales/part64/frontend/src/app/panelConfigBuilders.tsx": {"lines":{"total":66,"covered":52,"skipped":0,"pct":78.78},"functions":{"total":59,"covered":39,"skipped":0,"pct":66.1},"statements":{"total":77,"covered":57,"skipped":0,"pct":74.02},"branches":{"total":26,"covered":17,"skipped":0,"pct":65.38}}
,"/home/err/devel/vaults/fork_tales/part64/frontend/src/app/time.ts": {"lines":{"total":14,"covered":14,"skipped":0,"pct":100},"functions":{"total":1,"covered":1,"skipped":0,"pct":100},"statements":{"total":14,"covered":14,"skipped":0,"pct":100},"branches":{"total":12,"covered":12,"skipped":0,"pct":100}}
,"/home/err/devel/vaults/fork_tales/part64/frontend/src/app/useAppPanelConfigs.tsx": {"lines":{"total":5,"covered":5,"skipped":0,"pct":100},"functions":{"total":4,"covered":4,"skipped":0,"pct":100},"statements":{"total":6,"covered":6,"skipped":0,"pct":100},"branches":{"total":0,"covered":0,"skipped":0,"pct":100}}
,"/home/err/devel/vaults/fork_tales/part64/frontend/src/app/useChatCommandHandlers.ts": {"lines":{"total":145,"covered":127,"skipped":0,"pct":87.58},"functions":{"total":28,"covered":28,"skipped":0,"pct":100},"statements":{"total":145,"covered":127,"skipped":0,"pct":87.58},"branches":{"total":105,"covered":63,"skipped":0,"pct":60}}
,"/home/err/devel/vaults/fork_tales/part64/frontend/src/app/worldPanelLayout.ts": {"lines":{"total":52,"covered":52,"skipped":0,"pct":100},"functions":{"total":9,"covered":9,"skipped":0,"pct":100},"statements":{"total":52,"covered":52,"skipped":0,"pct":100},"branches":{"total":42,"covered":36,"skipped":0,"pct":85.71}}
,"/home/err/devel/vaults/fork_tales/part64/frontend/src/components/App/CoreBackdrop.tsx": {"lines":{"total":1,"covered":1,"skipped":0,"pct":100},"functions":{"total":1,"covered":1,"skipped":0,"pct":100},"statements":{"total":1,"covered":1,"skipped":0,"pct":100},"branches":{"total":0,"covered":0,"skipped":0,"pct":100}}
,"/home/err/devel/vaults/fork_tales/part64/frontend/src/components/App/CoreControlPanel.tsx": {"lines":{"total":39,"covered":26,"skipped":0,"pct":66.66},"functions":{"total":36,"covered":23,"skipped":0,"pct":63.88},"statements":{"total":41,"covered":28,"skipped":0,"pct":68.29},"branches":{"total":46,"covered":39,"skipped":0,"pct":84.78}}
,"/home/err/devel/vaults/fork_tales/part64/frontend/src/components/App/CoreLayerManagerOverlay.tsx": {"lines":{"total":7,"covered":7,"skipped":0,"pct":100},"functions":{"total":5,"covered":5,"skipped":0,"pct":100},"statements":{"total":7,"covered":7,"skipped":0,"pct":100},"branches":{"total":9,"covered":9,"skipped":0,"pct":100}}
,"/home/err/devel/vaults/fork_tales/part64/frontend/src/components/App/WorldPanelsViewport.tsx": {"lines":{"total":872,"covered":463,"skipped":0,"pct":53.09},"functions":{"total":210,"covered":103,"skipped":0,"pct":49.04},"statements":{"total":896,"covered":474,"skipped":0,"pct":52.9},"branches":{"total":784,"covered":332,"skipped":0,"pct":42.34}}
,"/home/err/devel/vaults/fork_tales/part64/frontend/src/components/Panels/Catalog.tsx": {"lines":{"total":71,"covered":65,"skipped":0,"pct":91.54},"functions":{"total":23,"covered":22,"skipped":0,"pct":95.65},"statements":{"total":79,"covered":73,"skipped":0,"pct":92.4},"branches":{"total":69,"covered":56,"skipped":0,"pct":81.15}}
,"/home/err/devel/vaults/fork_tales/part64/frontend/src/components/Panels/Chat.tsx": {"lines":{"total":371,"covered":235,"skipped":0,"pct":63.34},"functions":{"total":122,"covered":65,"skipped":0,"pct":53.27},"statements":{"total":386,"covered":241,"skipped":0,"pct":62.43},"branches":{"total":508,"covered":220,"skipped":0,"pct":43.3}}
,"/home/err/devel/vaults/fork_tales/part64/frontend/src/components/Panels/DaimoiPresencePanel.tsx": {"lines":{"total":144,"covered":131,"skipped":0,"pct":90.97},"functions":{"total":52,"covered":51,"skipped":0,"pct":98.07},"statements":{"total":147,"covered":134,"skipped":0,"pct":91.15},"branches":{"total":196,"covered":124,"skipped":0,"pct":63.26}}
,"/home/err/devel/vaults/fork_tales/part64/frontend/src/components/Panels/InspirationAtlasPanel.tsx": {"lines":{"total":33,"covered":32,"skipped":0,"pct":96.96},"functions":{"total":9,"covered":9,"skipped":0,"pct":100},"statements":{"total":33,"covered":32,"skipped":0,"pct":96.96},"branches":{"total":26,"covered":21,"skipped":0,"pct":80.76}}
,"/home/err/devel/vaults/fork_tales/part64/frontend/src/components/Panels/MusePresencePanel.tsx": {"lines":{"total":1,"covered":1,"skipped":0,"pct":100},"functions":{"total":1,"covered":1,"skipped":0,"pct":100},"statements":{"total":1,"covered":1,"skipped":0,"pct":100},"branches":{"total":0,"covered":0,"skipped":0,"pct":100}}
,"/home/err/devel/vaults/fork_tales/part64/frontend/src/components/Panels/MythWorld.tsx": {"lines":{"total":10,"covered":10,"skipped":0,"pct":100},"functions":{"total":7,"covered":7,"skipped":0,"pct":100},"statements":{"total":10,"covered":10,"skipped":0,"pct":100},"branches":{"total":6,"covered":5,"skipped":0,"pct":83.33}}
,"/home/err/devel/vaults/fork_tales/part64/frontend/src/components/Panels/Omni.tsx": {"lines":{"total":15,"covered":15,"skipped":0,"pct":100},"functions":{"total":6,"covered":6,"skipped":0,"pct":100},"statements":{"total":17,"covered":17,"skipped":0,"pct":100},"branches":{"total":14,"covered":10,"skipped":0,"pct":71.42}}
,"/home/err/devel/vaults/fork_tales/part64/frontend/src/components/Panels/PresenceCallDeck.tsx": {"lines":{"total":242,"covered":124,"skipped":0,"pct":51.23},"functions":{"total":40,"covered":24,"skipped":0,"pct":60},"statements":{"total":245,"covered":127,"skipped":0,"pct":51.83},"branches":{"total":145,"covered":76,"skipped":0,"pct":52.41}}
,"/home/err/devel/vaults/fork_tales/part64/frontend/src/components/Panels/ProjectionLedgerPanel.tsx": {"lines":{"total":84,"covered":79,"skipped":0,"pct":94.04},"functions":{"total":33,"covered":30,"skipped":0,"pct":90.9},"statements":{"total":86,"covered":80,"skipped":0,"pct":93.02},"branches":{"total":67,"covered":45,"skipped":0,"pct":67.16}}
,"/home/err/devel/vaults/fork_tales/part64/frontend/src/components/Panels/RuntimeConfigPanel.tsx": {"lines":{"total":590,"covered":383,"skipped":0,"pct":64.91},"functions":{"total":116,"covered":83,"skipped":0,"pct":71.55},"statements":{"total":598,"covered":389,"skipped":0,"pct":65.05},"branches":{"total":596,"covered":323,"skipped":0,"pct":54.19}}
,"/home/err/devel/vaults/fork_tales/part64/frontend/src/components/Panels/StabilityObservatoryPanel.tsx": {"lines":{"total":155,"covered":128,"skipped":0,"pct":82.58},"functions":{"total":21,"covered":17,"skipped":0,"pct":80.95},"statements":{"total":155,"covered":128,"skipped":0,"pct":82.58},"branches":{"total":193,"covered":130,"skipped":0,"pct":67.35}}
,"/home/err/devel/vaults/fork_tales/part64/frontend/src/components/Panels/ThreatRadarPanel.tsx": {"lines":{"total":131,"covered":107,"skipped":0,"pct":81.67},"functions":{"total":27,"covered":20,"skipped":0,"pct":74.07},"statements":{"total":132,"covered":108,"skipped":0,"pct":81.81},"branches":{"total":133,"covered":95,"skipped":0,"pct":71.42}}
,"/home/err/devel/vaults/fork_tales/part64/frontend/src/components/Panels/Vitals.tsx": {"lines":{"total":25,"covered":24,"skipped":0,"pct":96},"functions":{"total":9,"covered":9,"skipped":0,"pct":100},"statements":{"total":26,"covered":25,"skipped":0,"pct":96.15},"branches":{"total":52,"covered":34,"skipped":0,"pct":65.38}}
,"/home/err/devel/vaults/fork_tales/part64/frontend/src/components/Panels/WebGraphWeaverPanel.tsx": {"lines":{"total":844,"covered":370,"skipped":0,"pct":43.83},"functions":{"total":129,"covered":73,"skipped":0,"pct":56.58},"statements":{"total":874,"covered":384,"skipped":0,"pct":43.93},"branches":{"total":599,"covered":216,"skipped":0,"pct":36.06}}
,"/home/err/devel/vaults/fork_tales/part64/frontend/src/components/Panels/WorldLogPanel.tsx": {"lines":{"total":79,"covered":66,"skipped":0,"pct":83.54},"functions":{"total":20,"covered":17,"skipped":0,"pct":85},"statements":{"total":81,"covered":66,"skipped":0,"pct":81.48},"branches":{"total":93,"covered":67,"skipped":0,"pct":72.04}}
,"/home/err/devel/vaults/fork_tales/part64/frontend/src/components/Simulation/Canvas.tsx": {"lines":{"total":3244,"covered":1913,"skipped":0,"pct":58.97},"functions":{"total":334,"covered":225,"skipped":0,"pct":67.36},"statements":{"total":3342,"covered":1953,"skipped":0,"pct":58.43},"branches":{"total":3036,"covered":1361,"skipped":0,"pct":44.82}}
,"/home/err/devel/vaults/fork_tales/part64/frontend/src/components/Simulation/GalaxyModelDock.tsx": {"lines":{"total":316,"covered":242,"skipped":0,"pct":76.58},"functions":{"total":75,"covered":61,"skipped":0,"pct":81.33},"statements":{"total":321,"covered":246,"skipped":0,"pct":76.63},"branches":{"total":210,"covered":126,"skipped":0,"pct":60}}
,"/home/err/devel/vaults/fork_tales/part64/frontend/src/hooks/useAutopilotController.ts": {"lines":{"total":189,"covered":131,"skipped":0,"pct":69.31},"functions":{"total":27,"covered":21,"skipped":0,"pct":77.77},"statements":{"total":192,"covered":134,"skipped":0,"pct":69.79},"branches":{"total":125,"covered":58,"skipped":0,"pct":46.4}}
,"/home/err/devel/vaults/fork_tales/part64/frontend/src/hooks/useWorldState.ts": {"lines":{"total":424,"covered":299,"skipped":0,"pct":70.51},"functions":{"total":52,"covered":36,"skipped":0,"pct":69.23},"statements":{"total":431,"covered":304,"skipped":0,"pct":70.53},"branches":{"total":366,"covered":191,"skipped":0,"pct":52.18}}
,"/home/err/devel/vaults/fork_tales/part64/frontend/src/runtime/endpoints.ts": {"lines":{"total":97,"covered":85,"skipped":0,"pct":87.62},"functions":{"total":11,"covered":11,"skipped":0,"pct":100},"statements":{"total":97,"covered":85,"skipped":0,"pct":87.62},"branches":{"total":84,"covered":61,"skipped":0,"pct":72.61}}
}
